<?xml version="1.0" encoding="UTF-8"?>
<!-- Generated by org.testng.reporters.JUnitXMLReporter -->
<testsuite ignored="0" hostname="LTIN519675" failures="0" tests="11" name="Smoke Test Chrome" time="308.525" errors="0" timestamp="2025-04-20T21:36:44 IST">
  <testcase classname="smokeTest.NavigationBar" name="execute" time="13.37"/>
  <testcase classname="modules.CarLoanTest" name="test" time="13.833"/>
  <testcase classname="modules.CarLoanTest" name="test" time="9.159"/>
  <testcase classname="modules.HomeLoanTest" name="setData" time="10.572"/>
  <testcase classname="modules.HomeLoanTest" name="setData" time="8.413"/>
  <testcase classname="modules.EmiLoanTest" name="TestLoanCalculator" time="13.157"/>
  <testcase classname="modules.EmiLoanTest" name="TestLoanCalculator" time="13.233"/>
  <testcase classname="modules.LoanCalculatorTest" name="test" time="17.376"/>
  <testcase classname="modules.LoanCalculatorTest" name="test" time="17.337"/>
  <testcase classname="modules.LoanTenureTest" name="test" time="24.931"/>
  <testcase classname="modules.LoanTenureTest" name="test" time="14.386"/>
</testsuite> <!-- Smoke Test Chrome -->
