<?xml version="1.0" encoding="UTF-8"?>
<!-- Generated by org.testng.reporters.JUnitXMLReporter -->
<testsuite ignored="0" hostname="LTIN519675" failures="0" tests="11" name="Smoke Test Edge" time="311.939" errors="0" timestamp="2025-04-20T21:36:47 IST">
  <testcase classname="smokeTest.NavigationBar" name="execute" time="13.168"/>
  <testcase classname="modules.CarLoanTest" name="test" time="13.298"/>
  <testcase classname="modules.CarLoanTest" name="test" time="9.702"/>
  <testcase classname="modules.HomeLoanTest" name="setData" time="8.62"/>
  <testcase classname="modules.HomeLoanTest" name="setData" time="8.463"/>
  <testcase classname="modules.EmiLoanTest" name="TestLoanCalculator" time="14.268"/>
  <testcase classname="modules.EmiLoanTest" name="TestLoanCalculator" time="11.374"/>
  <testcase classname="modules.LoanCalculatorTest" name="test" time="16.943"/>
  <testcase classname="modules.LoanCalculatorTest" name="test" time="24.926"/>
  <testcase classname="modules.LoanTenureTest" name="test" time="20.816"/>
  <testcase classname="modules.LoanTenureTest" name="test" time="14.603"/>
</testsuite> <!-- Smoke Test Edge -->
