<?xml version="1.0" encoding="UTF-8"?>
<testng-results ignored="0" total="22" passed="22" failed="0" skipped="0">
  <reporter-output>
  </reporter-output>
  <suite started-at="2025-04-20T21:31:36 IST" name="Suite" finished-at="2025-04-20T21:36:47 IST" duration-ms="311939">
    <groups>
      <group name="smoke">
        <method signature="NavigationBar.execute(java.lang.String,java.lang.String,java.lang.String)[pri:0, instance:smokeTest.NavigationBar@26794848]" name="execute" class="smokeTest.NavigationBar"/>
        <method signature="NavigationBar.execute(java.lang.String,java.lang.String,java.lang.String)[pri:0, instance:smokeTest.NavigationBar@c86b9e3]" name="execute" class="smokeTest.NavigationBar"/>
      </group> <!-- smoke -->
    </groups>
    <test started-at="2025-04-20T21:31:36 IST" name="Smoke Test Chrome" finished-at="2025-04-20T21:36:44 IST" duration-ms="308525">
      <class name="modules.EmiLoanTest">
        <test-method is-config="true" signature="setUp(java.lang.String)[pri:0, instance:modules.EmiLoanTest@1c1bbc4e]" started-at="2025-04-20T21:33:57 IST" name="setUp" finished-at="2025-04-20T21:34:19 IST" duration-ms="21346" status="PASS">
          <params>
            <param index="0">
              <value>
                <![CDATA[chrome]]>
              </value>
            </param>
          </params>
          <reporter-output>
          </reporter-output>
        </test-method> <!-- setUp -->
        <test-method signature="TestLoanCalculator(java.lang.String,java.lang.String,java.lang.String,java.lang.String)[pri:3, instance:modules.EmiLoanTest@1c1bbc4e]" started-at="2025-04-20T21:34:19 IST" name="TestLoanCalculator" data-provider="emiLoanData" depends-on-groups="smoke" finished-at="2025-04-20T21:34:32 IST" duration-ms="13157" status="PASS">
          <params>
            <param index="0">
              <value>
                <![CDATA[75000.0]]>
              </value>
            </param>
            <param index="1">
              <value>
                <![CDATA[5.5]]>
              </value>
            </param>
            <param index="2">
              <value>
                <![CDATA[0.08]]>
              </value>
            </param>
            <param index="3">
              <value>
                <![CDATA[10000.0]]>
              </value>
            </param>
          </params>
          <reporter-output>
          </reporter-output>
        </test-method> <!-- TestLoanCalculator -->
        <test-method signature="TestLoanCalculator(java.lang.String,java.lang.String,java.lang.String,java.lang.String)[pri:3, instance:modules.EmiLoanTest@1c1bbc4e]" started-at="2025-04-20T21:34:32 IST" name="TestLoanCalculator" data-provider="emiLoanData" depends-on-groups="smoke" finished-at="2025-04-20T21:34:45 IST" duration-ms="13233" status="PASS">
          <params>
            <param index="0">
              <value>
                <![CDATA[80000.0]]>
              </value>
            </param>
            <param index="1">
              <value>
                <![CDATA[7.0]]>
              </value>
            </param>
            <param index="2">
              <value>
                <![CDATA[2.0]]>
              </value>
            </param>
            <param index="3">
              <value>
                <![CDATA[15000.0]]>
              </value>
            </param>
          </params>
          <reporter-output>
          </reporter-output>
        </test-method> <!-- TestLoanCalculator -->
        <test-method is-config="true" signature="tearDown()[pri:0, instance:modules.EmiLoanTest@1c1bbc4e]" started-at="2025-04-20T21:34:45 IST" name="tearDown" finished-at="2025-04-20T21:34:51 IST" duration-ms="5412" status="PASS">
          <reporter-output>
          </reporter-output>
        </test-method> <!-- tearDown -->
      </class> <!-- modules.EmiLoanTest -->
      <class name="modules.LoanCalculatorTest">
        <test-method is-config="true" signature="setUp(java.lang.String)[pri:0, instance:modules.LoanCalculatorTest@55fe41ea]" started-at="2025-04-20T21:34:51 IST" name="setUp" finished-at="2025-04-20T21:35:06 IST" duration-ms="15873" status="PASS">
          <params>
            <param index="0">
              <value>
                <![CDATA[chrome]]>
              </value>
            </param>
          </params>
          <reporter-output>
          </reporter-output>
        </test-method> <!-- setUp -->
        <test-method signature="test(java.lang.String,java.lang.String,java.lang.String,java.lang.String)[pri:4, instance:modules.LoanCalculatorTest@55fe41ea]" started-at="2025-04-20T21:35:07 IST" name="test" data-provider="loanAmountData" depends-on-groups="smoke" finished-at="2025-04-20T21:35:24 IST" duration-ms="17376" status="PASS">
          <params>
            <param index="0">
              <value>
                <![CDATA[21617.94]]>
              </value>
            </param>
            <param index="1">
              <value>
                <![CDATA[10.75]]>
              </value>
            </param>
            <param index="2">
              <value>
                <![CDATA[1.0]]>
              </value>
            </param>
            <param index="3">
              <value>
                <![CDATA[10000.0]]>
              </value>
            </param>
          </params>
          <reporter-output>
          </reporter-output>
        </test-method> <!-- test -->
        <test-method signature="test(java.lang.String,java.lang.String,java.lang.String,java.lang.String)[pri:4, instance:modules.LoanCalculatorTest@55fe41ea]" started-at="2025-04-20T21:35:24 IST" name="test" data-provider="loanAmountData" depends-on-groups="smoke" finished-at="2025-04-20T21:35:41 IST" duration-ms="17337" status="PASS">
          <params>
            <param index="0">
              <value>
                <![CDATA[37915.26]]>
              </value>
            </param>
            <param index="1">
              <value>
                <![CDATA[13.45]]>
              </value>
            </param>
            <param index="2">
              <value>
                <![CDATA[1.0]]>
              </value>
            </param>
            <param index="3">
              <value>
                <![CDATA[5001.0]]>
              </value>
            </param>
          </params>
          <reporter-output>
          </reporter-output>
        </test-method> <!-- test -->
        <test-method is-config="true" signature="close()[pri:0, instance:modules.LoanCalculatorTest@55fe41ea]" started-at="2025-04-20T21:35:41 IST" name="close" finished-at="2025-04-20T21:35:45 IST" duration-ms="3861" status="PASS">
          <reporter-output>
          </reporter-output>
        </test-method> <!-- close -->
      </class> <!-- modules.LoanCalculatorTest -->
      <class name="modules.HomeLoanTest">
        <test-method is-config="true" signature="setUp(java.lang.String)[pri:0, instance:modules.HomeLoanTest@ba2f4ec]" started-at="2025-04-20T21:32:59 IST" name="setUp" finished-at="2025-04-20T21:33:34 IST" duration-ms="35206" status="PASS">
          <params>
            <param index="0">
              <value>
                <![CDATA[chrome]]>
              </value>
            </param>
          </params>
          <reporter-output>
          </reporter-output>
        </test-method> <!-- setUp -->
        <test-method signature="setData(java.lang.String,java.lang.String,java.lang.String)[pri:2, instance:modules.HomeLoanTest@ba2f4ec]" started-at="2025-04-20T21:33:34 IST" name="setData" data-provider="homeLoanDataProvider" depends-on-groups="smoke" finished-at="2025-04-20T21:33:44 IST" duration-ms="10572" status="PASS">
          <params>
            <param index="0">
              <value>
                <![CDATA[1250000.0]]>
              </value>
            </param>
            <param index="1">
              <value>
                <![CDATA[9.0]]>
              </value>
            </param>
            <param index="2">
              <value>
                <![CDATA[20.0]]>
              </value>
            </param>
          </params>
          <reporter-output>
          </reporter-output>
        </test-method> <!-- setData -->
        <test-method signature="setData(java.lang.String,java.lang.String,java.lang.String)[pri:2, instance:modules.HomeLoanTest@ba2f4ec]" started-at="2025-04-20T21:33:44 IST" name="setData" data-provider="homeLoanDataProvider" depends-on-groups="smoke" finished-at="2025-04-20T21:33:53 IST" duration-ms="8413" status="PASS">
          <params>
            <param index="0">
              <value>
                <![CDATA[2500000.0]]>
              </value>
            </param>
            <param index="1">
              <value>
                <![CDATA[8.0]]>
              </value>
            </param>
            <param index="2">
              <value>
                <![CDATA[15.0]]>
              </value>
            </param>
          </params>
          <reporter-output>
          </reporter-output>
        </test-method> <!-- setData -->
        <test-method is-config="true" signature="closeDriver()[pri:0, instance:modules.HomeLoanTest@ba2f4ec]" started-at="2025-04-20T21:33:53 IST" name="closeDriver" finished-at="2025-04-20T21:33:57 IST" duration-ms="4395" status="PASS">
          <reporter-output>
          </reporter-output>
        </test-method> <!-- closeDriver -->
      </class> <!-- modules.HomeLoanTest -->
      <class name="modules.CarLoanTest">
        <test-method is-config="true" signature="setUp(java.lang.String)[pri:0, instance:modules.CarLoanTest@49438269]" started-at="2025-04-20T21:32:16 IST" name="setUp" finished-at="2025-04-20T21:32:31 IST" duration-ms="15327" status="PASS">
          <params>
            <param index="0">
              <value>
                <![CDATA[chrome]]>
              </value>
            </param>
          </params>
          <reporter-output>
          </reporter-output>
        </test-method> <!-- setUp -->
        <test-method signature="test(java.lang.String,java.lang.String,java.lang.String)[pri:1, instance:modules.CarLoanTest@49438269]" started-at="2025-04-20T21:32:32 IST" name="test" data-provider="carLoanDataProvider" depends-on-groups="smoke" finished-at="2025-04-20T21:32:45 IST" duration-ms="13833" status="PASS">
          <params>
            <param index="0">
              <value>
                <![CDATA[1500000.0]]>
              </value>
            </param>
            <param index="1">
              <value>
                <![CDATA[9.5]]>
              </value>
            </param>
            <param index="2">
              <value>
                <![CDATA[0.08]]>
              </value>
            </param>
          </params>
          <reporter-output>
          </reporter-output>
        </test-method> <!-- test -->
        <test-method signature="test(java.lang.String,java.lang.String,java.lang.String)[pri:1, instance:modules.CarLoanTest@49438269]" started-at="2025-04-20T21:32:45 IST" name="test" data-provider="carLoanDataProvider" depends-on-groups="smoke" finished-at="2025-04-20T21:32:55 IST" duration-ms="9159" status="PASS">
          <params>
            <param index="0">
              <value>
                <![CDATA[50000.0]]>
              </value>
            </param>
            <param index="1">
              <value>
                <![CDATA[5.0]]>
              </value>
            </param>
            <param index="2">
              <value>
                <![CDATA[2.0]]>
              </value>
            </param>
          </params>
          <reporter-output>
          </reporter-output>
        </test-method> <!-- test -->
        <test-method is-config="true" signature="quitWindow()[pri:0, instance:modules.CarLoanTest@49438269]" started-at="2025-04-20T21:32:55 IST" name="quitWindow" finished-at="2025-04-20T21:32:59 IST" duration-ms="4049" status="PASS">
          <reporter-output>
          </reporter-output>
        </test-method> <!-- quitWindow -->
      </class> <!-- modules.CarLoanTest -->
      <class name="smokeTest.NavigationBar">
        <test-method is-config="true" signature="init(java.lang.String)[pri:0, instance:smokeTest.NavigationBar@26794848]" started-at="2025-04-20T21:31:36 IST" name="init" finished-at="2025-04-20T21:31:53 IST" duration-ms="16994" status="PASS">
          <params>
            <param index="0">
              <value>
                <![CDATA[chrome]]>
              </value>
            </param>
          </params>
          <reporter-output>
          </reporter-output>
        </test-method> <!-- init -->
        <test-method signature="execute(java.lang.String,java.lang.String,java.lang.String)[pri:0, instance:smokeTest.NavigationBar@26794848]" started-at="2025-04-20T21:31:57 IST" name="execute" data-provider="navigationData" finished-at="2025-04-20T21:32:10 IST" duration-ms="13370" status="PASS">
          <params>
            <param index="0">
              <value>
                <![CDATA[EMI Calculator for Home Loan, Car Loan & Personal Loan in India]]>
              </value>
            </param>
            <param index="1">
              <value>
                <![CDATA[Home Loan EMI Calculator with Prepayments, Taxes & Insurance]]>
              </value>
            </param>
            <param index="2">
              <value>
                <![CDATA[Loan Calculator — Calculate EMI, Affordability, Tenure & Interest Rate]]>
              </value>
            </param>
          </params>
          <reporter-output>
          </reporter-output>
        </test-method> <!-- execute -->
        <test-method is-config="true" signature="quit1()[pri:0, instance:smokeTest.NavigationBar@26794848]" started-at="2025-04-20T21:32:10 IST" name="quit1" finished-at="2025-04-20T21:32:16 IST" duration-ms="5870" status="PASS">
          <reporter-output>
          </reporter-output>
        </test-method> <!-- quit1 -->
      </class> <!-- smokeTest.NavigationBar -->
      <class name="modules.LoanTenureTest">
        <test-method is-config="true" signature="setUp(java.lang.String)[pri:0, instance:modules.LoanTenureTest@2362f559]" started-at="2025-04-20T21:35:45 IST" name="setUp" finished-at="2025-04-20T21:36:00 IST" duration-ms="14654" status="PASS">
          <params>
            <param index="0">
              <value>
                <![CDATA[chrome]]>
              </value>
            </param>
          </params>
          <reporter-output>
          </reporter-output>
        </test-method> <!-- setUp -->
        <test-method signature="test(java.lang.String,java.lang.String,java.lang.String,java.lang.String)[pri:4, instance:modules.LoanTenureTest@2362f559]" started-at="2025-04-20T21:36:00 IST" name="test" data-provider="loanTenureData" depends-on-groups="smoke" finished-at="2025-04-20T21:36:25 IST" duration-ms="24931" status="PASS">
          <params>
            <param index="0">
              <value>
                <![CDATA[60]]>
              </value>
            </param>
            <param index="1">
              <value>
                <![CDATA[11.19]]>
              </value>
            </param>
            <param index="2">
              <value>
                <![CDATA[2,97,077]]>
              </value>
            </param>
            <param index="3">
              <value>
                <![CDATA[13,07,077]]>
              </value>
            </param>
          </params>
          <reporter-output>
          </reporter-output>
        </test-method> <!-- test -->
        <test-method signature="test(java.lang.String,java.lang.String,java.lang.String,java.lang.String)[pri:4, instance:modules.LoanTenureTest@2362f559]" started-at="2025-04-20T21:36:25 IST" name="test" data-provider="loanTenureData" depends-on-groups="smoke" finished-at="2025-04-20T21:36:39 IST" duration-ms="14386" status="PASS">
          <params>
            <param index="0">
              <value>
                <![CDATA[10]]>
              </value>
            </param>
            <param index="1">
              <value>
                <![CDATA[0.00]]>
              </value>
            </param>
            <param index="2">
              <value>
                <![CDATA[0]]>
              </value>
            </param>
            <param index="3">
              <value>
                <![CDATA[1,000]]>
              </value>
            </param>
          </params>
          <reporter-output>
          </reporter-output>
        </test-method> <!-- test -->
        <test-method is-config="true" signature="tearDown()[pri:0, instance:modules.LoanTenureTest@2362f559]" started-at="2025-04-20T21:36:39 IST" name="tearDown" finished-at="2025-04-20T21:36:44 IST" duration-ms="4879" status="PASS">
          <reporter-output>
          </reporter-output>
        </test-method> <!-- tearDown -->
      </class> <!-- modules.LoanTenureTest -->
    </test> <!-- Smoke Test Chrome -->
    <test started-at="2025-04-20T21:31:36 IST" name="Smoke Test Edge" finished-at="2025-04-20T21:36:47 IST" duration-ms="311939">
      <class name="modules.EmiLoanTest">
        <test-method is-config="true" signature="setUp(java.lang.String)[pri:0, instance:modules.EmiLoanTest@37271612]" started-at="2025-04-20T21:33:49 IST" name="setUp" finished-at="2025-04-20T21:34:06 IST" duration-ms="17112" status="PASS">
          <params>
            <param index="0">
              <value>
                <![CDATA[edge]]>
              </value>
            </param>
          </params>
          <reporter-output>
          </reporter-output>
        </test-method> <!-- setUp -->
        <test-method signature="TestLoanCalculator(java.lang.String,java.lang.String,java.lang.String,java.lang.String)[pri:3, instance:modules.EmiLoanTest@37271612]" started-at="2025-04-20T21:34:06 IST" name="TestLoanCalculator" data-provider="emiLoanData" depends-on-groups="smoke" finished-at="2025-04-20T21:34:20 IST" duration-ms="14268" status="PASS">
          <params>
            <param index="0">
              <value>
                <![CDATA[75000.0]]>
              </value>
            </param>
            <param index="1">
              <value>
                <![CDATA[5.5]]>
              </value>
            </param>
            <param index="2">
              <value>
                <![CDATA[0.08]]>
              </value>
            </param>
            <param index="3">
              <value>
                <![CDATA[10000.0]]>
              </value>
            </param>
          </params>
          <reporter-output>
          </reporter-output>
        </test-method> <!-- TestLoanCalculator -->
        <test-method signature="TestLoanCalculator(java.lang.String,java.lang.String,java.lang.String,java.lang.String)[pri:3, instance:modules.EmiLoanTest@37271612]" started-at="2025-04-20T21:34:20 IST" name="TestLoanCalculator" data-provider="emiLoanData" depends-on-groups="smoke" finished-at="2025-04-20T21:34:32 IST" duration-ms="11374" status="PASS">
          <params>
            <param index="0">
              <value>
                <![CDATA[80000.0]]>
              </value>
            </param>
            <param index="1">
              <value>
                <![CDATA[7.0]]>
              </value>
            </param>
            <param index="2">
              <value>
                <![CDATA[2.0]]>
              </value>
            </param>
            <param index="3">
              <value>
                <![CDATA[15000.0]]>
              </value>
            </param>
          </params>
          <reporter-output>
          </reporter-output>
        </test-method> <!-- TestLoanCalculator -->
        <test-method is-config="true" signature="tearDown()[pri:0, instance:modules.EmiLoanTest@37271612]" started-at="2025-04-20T21:34:32 IST" name="tearDown" finished-at="2025-04-20T21:34:39 IST" duration-ms="7591" status="PASS">
          <reporter-output>
          </reporter-output>
        </test-method> <!-- tearDown -->
      </class> <!-- modules.EmiLoanTest -->
      <class name="modules.LoanCalculatorTest">
        <test-method is-config="true" signature="setUp(java.lang.String)[pri:0, instance:modules.LoanCalculatorTest@ed7f8b4]" started-at="2025-04-20T21:34:39 IST" name="setUp" finished-at="2025-04-20T21:34:58 IST" duration-ms="19098" status="PASS">
          <params>
            <param index="0">
              <value>
                <![CDATA[edge]]>
              </value>
            </param>
          </params>
          <reporter-output>
          </reporter-output>
        </test-method> <!-- setUp -->
        <test-method signature="test(java.lang.String,java.lang.String,java.lang.String,java.lang.String)[pri:4, instance:modules.LoanCalculatorTest@ed7f8b4]" started-at="2025-04-20T21:34:58 IST" name="test" data-provider="loanAmountData" depends-on-groups="smoke" finished-at="2025-04-20T21:35:15 IST" duration-ms="16943" status="PASS">
          <params>
            <param index="0">
              <value>
                <![CDATA[21617.94]]>
              </value>
            </param>
            <param index="1">
              <value>
                <![CDATA[10.75]]>
              </value>
            </param>
            <param index="2">
              <value>
                <![CDATA[1.0]]>
              </value>
            </param>
            <param index="3">
              <value>
                <![CDATA[10000.0]]>
              </value>
            </param>
          </params>
          <reporter-output>
          </reporter-output>
        </test-method> <!-- test -->
        <test-method signature="test(java.lang.String,java.lang.String,java.lang.String,java.lang.String)[pri:4, instance:modules.LoanCalculatorTest@ed7f8b4]" started-at="2025-04-20T21:35:15 IST" name="test" data-provider="loanAmountData" depends-on-groups="smoke" finished-at="2025-04-20T21:35:40 IST" duration-ms="24926" status="PASS">
          <params>
            <param index="0">
              <value>
                <![CDATA[37915.26]]>
              </value>
            </param>
            <param index="1">
              <value>
                <![CDATA[13.45]]>
              </value>
            </param>
            <param index="2">
              <value>
                <![CDATA[1.0]]>
              </value>
            </param>
            <param index="3">
              <value>
                <![CDATA[5001.0]]>
              </value>
            </param>
          </params>
          <reporter-output>
          </reporter-output>
        </test-method> <!-- test -->
        <test-method is-config="true" signature="close()[pri:0, instance:modules.LoanCalculatorTest@ed7f8b4]" started-at="2025-04-20T21:35:40 IST" name="close" finished-at="2025-04-20T21:35:47 IST" duration-ms="6470" status="PASS">
          <reporter-output>
          </reporter-output>
        </test-method> <!-- close -->
      </class> <!-- modules.LoanCalculatorTest -->
      <class name="modules.HomeLoanTest">
        <test-method is-config="true" signature="setUp(java.lang.String)[pri:0, instance:modules.HomeLoanTest@3af9c5b7]" started-at="2025-04-20T21:33:01 IST" name="setUp" finished-at="2025-04-20T21:33:25 IST" duration-ms="23733" status="PASS">
          <params>
            <param index="0">
              <value>
                <![CDATA[edge]]>
              </value>
            </param>
          </params>
          <reporter-output>
          </reporter-output>
        </test-method> <!-- setUp -->
        <test-method signature="setData(java.lang.String,java.lang.String,java.lang.String)[pri:2, instance:modules.HomeLoanTest@3af9c5b7]" started-at="2025-04-20T21:33:25 IST" name="setData" data-provider="homeLoanDataProvider" depends-on-groups="smoke" finished-at="2025-04-20T21:33:34 IST" duration-ms="8620" status="PASS">
          <params>
            <param index="0">
              <value>
                <![CDATA[1250000.0]]>
              </value>
            </param>
            <param index="1">
              <value>
                <![CDATA[9.0]]>
              </value>
            </param>
            <param index="2">
              <value>
                <![CDATA[20.0]]>
              </value>
            </param>
          </params>
          <reporter-output>
          </reporter-output>
        </test-method> <!-- setData -->
        <test-method signature="setData(java.lang.String,java.lang.String,java.lang.String)[pri:2, instance:modules.HomeLoanTest@3af9c5b7]" started-at="2025-04-20T21:33:34 IST" name="setData" data-provider="homeLoanDataProvider" depends-on-groups="smoke" finished-at="2025-04-20T21:33:42 IST" duration-ms="8463" status="PASS">
          <params>
            <param index="0">
              <value>
                <![CDATA[2500000.0]]>
              </value>
            </param>
            <param index="1">
              <value>
                <![CDATA[8.0]]>
              </value>
            </param>
            <param index="2">
              <value>
                <![CDATA[15.0]]>
              </value>
            </param>
          </params>
          <reporter-output>
          </reporter-output>
        </test-method> <!-- setData -->
        <test-method is-config="true" signature="closeDriver()[pri:0, instance:modules.HomeLoanTest@3af9c5b7]" started-at="2025-04-20T21:33:42 IST" name="closeDriver" finished-at="2025-04-20T21:33:49 IST" duration-ms="6653" status="PASS">
          <reporter-output>
          </reporter-output>
        </test-method> <!-- closeDriver -->
      </class> <!-- modules.HomeLoanTest -->
      <class name="modules.CarLoanTest">
        <test-method is-config="true" signature="setUp(java.lang.String)[pri:0, instance:modules.CarLoanTest@10aa41f2]" started-at="2025-04-20T21:32:15 IST" name="setUp" finished-at="2025-04-20T21:32:33 IST" duration-ms="17876" status="PASS">
          <params>
            <param index="0">
              <value>
                <![CDATA[edge]]>
              </value>
            </param>
          </params>
          <reporter-output>
          </reporter-output>
        </test-method> <!-- setUp -->
        <test-method signature="test(java.lang.String,java.lang.String,java.lang.String)[pri:1, instance:modules.CarLoanTest@10aa41f2]" started-at="2025-04-20T21:32:33 IST" name="test" data-provider="carLoanDataProvider" depends-on-groups="smoke" finished-at="2025-04-20T21:32:47 IST" duration-ms="13298" status="PASS">
          <params>
            <param index="0">
              <value>
                <![CDATA[1500000.0]]>
              </value>
            </param>
            <param index="1">
              <value>
                <![CDATA[9.5]]>
              </value>
            </param>
            <param index="2">
              <value>
                <![CDATA[0.08]]>
              </value>
            </param>
          </params>
          <reporter-output>
          </reporter-output>
        </test-method> <!-- test -->
        <test-method signature="test(java.lang.String,java.lang.String,java.lang.String)[pri:1, instance:modules.CarLoanTest@10aa41f2]" started-at="2025-04-20T21:32:47 IST" name="test" data-provider="carLoanDataProvider" depends-on-groups="smoke" finished-at="2025-04-20T21:32:56 IST" duration-ms="9702" status="PASS">
          <params>
            <param index="0">
              <value>
                <![CDATA[50000.0]]>
              </value>
            </param>
            <param index="1">
              <value>
                <![CDATA[5.0]]>
              </value>
            </param>
            <param index="2">
              <value>
                <![CDATA[2.0]]>
              </value>
            </param>
          </params>
          <reporter-output>
          </reporter-output>
        </test-method> <!-- test -->
        <test-method is-config="true" signature="quitWindow()[pri:0, instance:modules.CarLoanTest@10aa41f2]" started-at="2025-04-20T21:32:56 IST" name="quitWindow" finished-at="2025-04-20T21:33:01 IST" duration-ms="4933" status="PASS">
          <reporter-output>
          </reporter-output>
        </test-method> <!-- quitWindow -->
      </class> <!-- modules.CarLoanTest -->
      <class name="smokeTest.NavigationBar">
        <test-method is-config="true" signature="init(java.lang.String)[pri:0, instance:smokeTest.NavigationBar@c86b9e3]" started-at="2025-04-20T21:31:36 IST" name="init" finished-at="2025-04-20T21:31:56 IST" duration-ms="19911" status="PASS">
          <params>
            <param index="0">
              <value>
                <![CDATA[edge]]>
              </value>
            </param>
          </params>
          <reporter-output>
          </reporter-output>
        </test-method> <!-- init -->
        <test-method signature="execute(java.lang.String,java.lang.String,java.lang.String)[pri:0, instance:smokeTest.NavigationBar@c86b9e3]" started-at="2025-04-20T21:31:57 IST" name="execute" data-provider="navigationData" finished-at="2025-04-20T21:32:10 IST" duration-ms="13168" status="PASS">
          <params>
            <param index="0">
              <value>
                <![CDATA[EMI Calculator for Home Loan, Car Loan & Personal Loan in India]]>
              </value>
            </param>
            <param index="1">
              <value>
                <![CDATA[Home Loan EMI Calculator with Prepayments, Taxes & Insurance]]>
              </value>
            </param>
            <param index="2">
              <value>
                <![CDATA[Loan Calculator — Calculate EMI, Affordability, Tenure & Interest Rate]]>
              </value>
            </param>
          </params>
          <reporter-output>
          </reporter-output>
        </test-method> <!-- execute -->
        <test-method is-config="true" signature="quit1()[pri:0, instance:smokeTest.NavigationBar@c86b9e3]" started-at="2025-04-20T21:32:10 IST" name="quit1" finished-at="2025-04-20T21:32:15 IST" duration-ms="5209" status="PASS">
          <reporter-output>
          </reporter-output>
        </test-method> <!-- quit1 -->
      </class> <!-- smokeTest.NavigationBar -->
      <class name="modules.LoanTenureTest">
        <test-method is-config="true" signature="setUp(java.lang.String)[pri:0, instance:modules.LoanTenureTest@4c309d4d]" started-at="2025-04-20T21:35:47 IST" name="setUp" finished-at="2025-04-20T21:36:07 IST" duration-ms="19954" status="PASS">
          <params>
            <param index="0">
              <value>
                <![CDATA[edge]]>
              </value>
            </param>
          </params>
          <reporter-output>
          </reporter-output>
        </test-method> <!-- setUp -->
        <test-method signature="test(java.lang.String,java.lang.String,java.lang.String,java.lang.String)[pri:4, instance:modules.LoanTenureTest@4c309d4d]" started-at="2025-04-20T21:36:07 IST" name="test" data-provider="loanTenureData" depends-on-groups="smoke" finished-at="2025-04-20T21:36:28 IST" duration-ms="20816" status="PASS">
          <params>
            <param index="0">
              <value>
                <![CDATA[60]]>
              </value>
            </param>
            <param index="1">
              <value>
                <![CDATA[11.19]]>
              </value>
            </param>
            <param index="2">
              <value>
                <![CDATA[2,97,077]]>
              </value>
            </param>
            <param index="3">
              <value>
                <![CDATA[13,07,077]]>
              </value>
            </param>
          </params>
          <reporter-output>
          </reporter-output>
        </test-method> <!-- test -->
        <test-method signature="test(java.lang.String,java.lang.String,java.lang.String,java.lang.String)[pri:4, instance:modules.LoanTenureTest@4c309d4d]" started-at="2025-04-20T21:36:28 IST" name="test" data-provider="loanTenureData" depends-on-groups="smoke" finished-at="2025-04-20T21:36:42 IST" duration-ms="14603" status="PASS">
          <params>
            <param index="0">
              <value>
                <![CDATA[10]]>
              </value>
            </param>
            <param index="1">
              <value>
                <![CDATA[0.00]]>
              </value>
            </param>
            <param index="2">
              <value>
                <![CDATA[0]]>
              </value>
            </param>
            <param index="3">
              <value>
                <![CDATA[1,000]]>
              </value>
            </param>
          </params>
          <reporter-output>
          </reporter-output>
        </test-method> <!-- test -->
        <test-method is-config="true" signature="tearDown()[pri:0, instance:modules.LoanTenureTest@4c309d4d]" started-at="2025-04-20T21:36:42 IST" name="tearDown" finished-at="2025-04-20T21:36:47 IST" duration-ms="5166" status="PASS">
          <reporter-output>
          </reporter-output>
        </test-method> <!-- tearDown -->
      </class> <!-- modules.LoanTenureTest -->
    </test> <!-- Smoke Test Edge -->
  </suite> <!-- Suite -->
</testng-results>
